   5.0000000000000003E-002   0.0000000000000000     
  0.10000000000000001        0.0000000000000000     
  0.15000000000000002        0.0000000000000000     
  0.20000000000000001        0.0000000000000000     
  0.25000000000000000        0.0000000000000000     
  0.30000000000000004        0.0000000000000000     
  0.35000000000000003        0.0000000000000000     
  0.40000000000000002        0.0000000000000000     
  0.45000000000000001        0.0000000000000000     
  0.50000000000000000        0.0000000000000000     
  0.55000000000000004        0.0000000000000000     
  0.60000000000000009        0.0000000000000000     
  0.65000000000000002        0.0000000000000000     
  0.70000000000000007        0.0000000000000000     
  0.75000000000000000        0.0000000000000000     
  0.80000000000000004        0.0000000000000000     
  0.85000000000000009        2.5391683452758228E-006
  0.90000000000000002        3.8850288858323307E-003
  0.95000000000000007        2.7276263771861119E-002
   1.0000000000000000        5.9279532974530785E-002
   1.0500000000000000        8.4925658822409683E-002
   1.1000000000000001        8.0907749479914484E-002
   1.1500000000000001        6.1981730263647859E-002
   1.2000000000000002        4.4978539215429506E-002
   1.2500000000000000        3.8285793005323657E-002
   1.3000000000000000        3.6341832018043606E-002
   1.3500000000000001        4.4025612625968422E-002
   1.4000000000000001        5.9074353380180890E-002
   1.4500000000000002        6.2555196084528003E-002
   1.5000000000000000        5.8574188824633687E-002
   1.5500000000000000        4.5311332621776515E-002
   1.6000000000000001        2.9266803223247140E-002
   1.6500000000000001        2.3759596902499978E-002
   1.7000000000000002        2.1314208782039757E-002
   1.7500000000000000        2.0456990345329461E-002
   1.8000000000000000        2.0876490464446514E-002
   1.8500000000000001        2.2397237241221404E-002
   1.9000000000000001        2.5917750687488861E-002
   1.9500000000000002        3.5555134349485144E-002
   2.0000000000000000        4.8142892993259530E-002
   2.0500000000000003        5.6354880674136354E-002
   2.1000000000000001        5.1701145617928157E-002
   2.1499999999999999        4.1500861921609775E-002
   2.2000000000000002        3.7813551275284962E-002
   2.2500000000000000        3.8001803311319610E-002
   2.3000000000000003        3.6588791235359568E-002
   2.3500000000000001        3.4483985268248009E-002
   2.4000000000000004        3.0021980510401197E-002
   2.4500000000000002        2.9992779439571900E-002
   2.5000000000000000        3.0018346982820368E-002
